Using pre-set license
Built from '2020.3/release' branch; Version is '2020.3.7f1 (dd97f2c94397) revision 14522354'; Using compiler version '192528614'; Build Type 'Release'
OS: 'Windows 10 Pro; OS build 19042.1165; Version 2009; 64bit' Language: 'en' Physical Memory: 16332 MB
BatchMode: 1, IsHumanControllingUs: 0, StartBugReporterOnCrash: 0, Is64bit: 1, IsPro: 0

 COMMAND LINE ARGUMENTS:
C:\Users\Julaxe\Documents\dev\Unity\2020.3.7f1\Editor\Unity.exe
-adb2
-batchMode
-noUpm
-name
AssetImportWorker0
-projectPath
C:/Users/Julaxe/Documents/dev/MiniGames/MiniGame-Chicken-Chase/Chicken-chase
-logFile
Logs/AssetImportWorker0.log
-srvPort
61891
Successfully changed project path to: C:/Users/Julaxe/Documents/dev/MiniGames/MiniGame-Chicken-Chase/Chicken-chase
C:/Users/Julaxe/Documents/dev/MiniGames/MiniGame-Chicken-Chase/Chicken-chase
Using Asset Import Pipeline V2.
Refreshing native plugins compatible for Editor in 100.72 ms, found 3 plugins.
Preloading 0 native plugins for Editor in 0.00 ms.
Initialize engine version: 2020.3.7f1 (dd97f2c94397)
[Subsystems] Discovering subsystems at path C:/Users/Julaxe/Documents/dev/Unity/2020.3.7f1/Editor/Data/Resources/UnitySubsystems
[Subsystems] Discovering subsystems at path C:/Users/Julaxe/Documents/dev/MiniGames/MiniGame-Chicken-Chase/Chicken-chase/Assets
GfxDevice: creating device client; threaded=0
Direct3D:
    Version:  Direct3D 11.0 [level 11.1]
    Renderer: Radeon RX 570 Series (ID=0x67df)
    Vendor:   
    VRAM:     4075 MB
    Driver:   27.20.22001.14011
Initialize mono
Mono path[0] = 'C:/Users/Julaxe/Documents/dev/Unity/2020.3.7f1/Editor/Data/Managed'
Mono path[1] = 'C:/Users/Julaxe/Documents/dev/Unity/2020.3.7f1/Editor/Data/MonoBleedingEdge/lib/mono/unityjit'
Mono config path = 'C:/Users/Julaxe/Documents/dev/Unity/2020.3.7f1/Editor/Data/MonoBleedingEdge/etc'
Using monoOptions --debugger-agent=transport=dt_socket,embedding=1,server=y,suspend=n,address=127.0.0.1:56200
Begin MonoManager ReloadAssembly
Registering precompiled unity dll's ...
Register platform support module: C:/Users/Julaxe/Documents/dev/Unity/2020.3.7f1/Editor/Data/PlaybackEngines/WindowsStandaloneSupport/UnityEditor.WindowsStandalone.Extensions.dll
Registered in 0.001705 seconds.
Native extension for WindowsStandalone target not found
Refreshing native plugins compatible for Editor in 105.74 ms, found 3 plugins.
Preloading 0 native plugins for Editor in 0.00 ms.
Mono: successfully reloaded assembly
- Completed reload, in  1.971 seconds
Platform modules already initialized, skipping
Registering precompiled user dll's ...
Registered in 0.005119 seconds.
Begin MonoManager ReloadAssembly
Symbol file LoadedFromMemory doesn't match image C:\Users\Julaxe\Documents\dev\MiniGames\MiniGame-Chicken-Chase\Chicken-chase\Library\PackageCache\com.unity.visualscripting@1.6.1\Editor\VisualScripting.Core\Dependencies\YamlDotNet\Unity.VisualScripting.YamlDotNet.dll
Symbol file LoadedFromMemory doesn't match image C:\Users\Julaxe\Documents\dev\MiniGames\MiniGame-Chicken-Chase\Chicken-chase\Library\PackageCache\com.unity.visualscripting@1.6.1\Editor\VisualScripting.Core\Dependencies\DotNetZip\Unity.VisualScripting.IonicZip.dll
Native extension for WindowsStandalone target not found
Refreshing native plugins compatible for Editor in 90.60 ms, found 3 plugins.
Preloading 0 native plugins for Editor in 0.00 ms.
Mono: successfully reloaded assembly
- Completed reload, in  1.259 seconds
Platform modules already initialized, skipping
========================================================================
Worker process is ready to serve import requests
Launched and connected shader compiler UnityShaderCompiler.exe after 0.04 seconds
Refreshing native plugins compatible for Editor in 1.00 ms, found 3 plugins.
Preloading 0 native plugins for Editor in 0.00 ms.
Unloading 3531 Unused Serialized files (Serialized files now loaded: 0)
System memory in use before: 144.0 MB.
System memory in use after: 144.3 MB.

Unloading 41 unused Assets to reduce memory usage. Loaded Objects now: 3977.
Total: 3.255500 ms (FindLiveObjects: 0.772400 ms CreateObjectMapping: 0.105300 ms MarkObjects: 2.340600 ms  DeleteObjects: 0.036100 ms)

========================================================================
Received Import Request.
  path: Assets/Prefabs/rooster2.prefab
  artifactKey: Guid(cd29a76f81582ec43af6e37be1f5738e) Importer(815301076,1909f56bfc062723c751e8b465ee728b)
Start importing Assets/Prefabs/rooster2.prefab using Guid(cd29a76f81582ec43af6e37be1f5738e) Importer(815301076,1909f56bfc062723c751e8b465ee728b)  -> (artifact id: 'b6e049136f19c93ae14dcbc5357afe69') in 0.463540 seconds
  Import took 0.479886 seconds .

========================================================================
Received Import Request.
  Time since last request: 5.392774 seconds.
  path: Assets/Prefabs/rooster2.prefab
  artifactKey: Guid(cd29a76f81582ec43af6e37be1f5738e) Importer(815301076,1909f56bfc062723c751e8b465ee728b)
Start importing Assets/Prefabs/rooster2.prefab using Guid(cd29a76f81582ec43af6e37be1f5738e) Importer(815301076,1909f56bfc062723c751e8b465ee728b)  -> (artifact id: '74898c6e6cadefdc17d44ad62ca869e6') in 0.248031 seconds
  Import took 0.262734 seconds .

========================================================================
Received Import Request.
  Time since last request: 10.764193 seconds.
  path: Assets/Prefabs/rooster2.prefab
  artifactKey: Guid(cd29a76f81582ec43af6e37be1f5738e) Importer(815301076,1909f56bfc062723c751e8b465ee728b)
Start importing Assets/Prefabs/rooster2.prefab using Guid(cd29a76f81582ec43af6e37be1f5738e) Importer(815301076,1909f56bfc062723c751e8b465ee728b)  -> (artifact id: '6fa4b2f71eb2ace3a96f2d123fb8afb8') in 0.279905 seconds
  Import took 0.299392 seconds .

========================================================================
Received Import Request.
  Time since last request: 1.559835 seconds.
  path: Assets/Prefabs/rooster2.prefab
  artifactKey: Guid(cd29a76f81582ec43af6e37be1f5738e) Importer(815301076,1909f56bfc062723c751e8b465ee728b)
Start importing Assets/Prefabs/rooster2.prefab using Guid(cd29a76f81582ec43af6e37be1f5738e) Importer(815301076,1909f56bfc062723c751e8b465ee728b)  -> (artifact id: 'faea30c3d0b2812c66b6ae31b0c07558') in 0.203594 seconds
  Import took 0.221532 seconds .

========================================================================
Received Import Request.
  Time since last request: 1.788038 seconds.
  path: Assets/Prefabs/rooster2.prefab
  artifactKey: Guid(cd29a76f81582ec43af6e37be1f5738e) Importer(815301076,1909f56bfc062723c751e8b465ee728b)
Start importing Assets/Prefabs/rooster2.prefab using Guid(cd29a76f81582ec43af6e37be1f5738e) Importer(815301076,1909f56bfc062723c751e8b465ee728b)  -> (artifact id: 'a1ae6506e9784e7b3cd3680696414161') in 0.188961 seconds
  Import took 0.204067 seconds .

========================================================================
Received Import Request.
  Time since last request: 12.581410 seconds.
  path: Assets/Prefabs/rooster2.prefab
  artifactKey: Guid(cd29a76f81582ec43af6e37be1f5738e) Importer(815301076,1909f56bfc062723c751e8b465ee728b)
Start importing Assets/Prefabs/rooster2.prefab using Guid(cd29a76f81582ec43af6e37be1f5738e) Importer(815301076,1909f56bfc062723c751e8b465ee728b)  -> (artifact id: '8fcd1681b1a63295019803c7d874500b') in 0.192495 seconds
  Import took 0.208198 seconds .

========================================================================
Received Import Request.
  Time since last request: 4.021819 seconds.
  path: Assets/Prefabs/rooster2.prefab
  artifactKey: Guid(cd29a76f81582ec43af6e37be1f5738e) Importer(815301076,1909f56bfc062723c751e8b465ee728b)
Start importing Assets/Prefabs/rooster2.prefab using Guid(cd29a76f81582ec43af6e37be1f5738e) Importer(815301076,1909f56bfc062723c751e8b465ee728b)  -> (artifact id: 'b25966416f1a4c7b2daff4bb99dffa45') in 0.192113 seconds
  Import took 0.207761 seconds .

========================================================================
Received Import Request.
  Time since last request: 8.671333 seconds.
  path: Assets/Prefabs/rooster2.prefab
  artifactKey: Guid(cd29a76f81582ec43af6e37be1f5738e) Importer(815301076,1909f56bfc062723c751e8b465ee728b)
Start importing Assets/Prefabs/rooster2.prefab using Guid(cd29a76f81582ec43af6e37be1f5738e) Importer(815301076,1909f56bfc062723c751e8b465ee728b)  -> (artifact id: '0248b0493b25389ec1437fee512d040a') in 0.204481 seconds
  Import took 0.220482 seconds .

========================================================================
Received Import Request.
  Time since last request: 45.498089 seconds.
  path: Assets/Prefabs/rooster2.prefab
  artifactKey: Guid(cd29a76f81582ec43af6e37be1f5738e) Importer(815301076,1909f56bfc062723c751e8b465ee728b)
Start importing Assets/Prefabs/rooster2.prefab using Guid(cd29a76f81582ec43af6e37be1f5738e) Importer(815301076,1909f56bfc062723c751e8b465ee728b)  -> (artifact id: '158bf103cdc08a76866ff5d9b7a21b2f') in 0.198023 seconds
  Import took 0.217430 seconds .

========================================================================
Received Import Request.
  Time since last request: 1160.418480 seconds.
  path: Assets/Prefabs/rooster2.prefab
  artifactKey: Guid(cd29a76f81582ec43af6e37be1f5738e) Importer(815301076,1909f56bfc062723c751e8b465ee728b)
Start importing Assets/Prefabs/rooster2.prefab using Guid(cd29a76f81582ec43af6e37be1f5738e) Importer(815301076,1909f56bfc062723c751e8b465ee728b)  -> (artifact id: '76ce3b4e4270e447318b3f3bcfd7105e') in 0.225167 seconds
  Import took 0.241390 seconds .

========================================================================
Received Prepare
Registering precompiled user dll's ...
Registered in 0.005005 seconds.
Begin MonoManager ReloadAssembly
Symbol file LoadedFromMemory doesn't match image C:\Users\Julaxe\Documents\dev\MiniGames\MiniGame-Chicken-Chase\Chicken-chase\Library\PackageCache\com.unity.visualscripting@1.6.1\Editor\VisualScripting.Core\Dependencies\YamlDotNet\Unity.VisualScripting.YamlDotNet.dll
Symbol file LoadedFromMemory doesn't match image C:\Users\Julaxe\Documents\dev\MiniGames\MiniGame-Chicken-Chase\Chicken-chase\Library\PackageCache\com.unity.visualscripting@1.6.1\Editor\VisualScripting.Core\Dependencies\DotNetZip\Unity.VisualScripting.IonicZip.dll
Native extension for WindowsStandalone target not found
Refreshing native plugins compatible for Editor in 1.07 ms, found 3 plugins.
Preloading 0 native plugins for Editor in 0.00 ms.
Mono: successfully reloaded assembly
- Completed reload, in  1.067 seconds
Platform modules already initialized, skipping
Switching build target platform(5) subTarget(0) extendedPlatform(0) -> platform(13) subTarget(537395200) extendedPlatform(0)
Refreshing native plugins compatible for Editor in 1.11 ms, found 3 plugins.
Preloading 0 native plugins for Editor in 0.00 ms.
Unloading 3515 Unused Serialized files (Serialized files now loaded: 0)
System memory in use before: 158.6 MB.
System memory in use after: 158.8 MB.

Unloading 36 unused Assets to reduce memory usage. Loaded Objects now: 3988.
Total: 3.228500 ms (FindLiveObjects: 0.680000 ms CreateObjectMapping: 0.099600 ms MarkObjects: 2.403500 ms  DeleteObjects: 0.043300 ms)

AssetImportParameters requested are different than current active one (requested -> active):
  custom:graphics/normal-map-encoding: 01000000000000000000000000000000 -> 02000000000000000000000000000000
========================================================================
Received Import Request.
  Time since last request: 932.956958 seconds.
  path: Assets/Prefabs/rooster2.prefab
  artifactKey: Guid(cd29a76f81582ec43af6e37be1f5738e) Importer(815301076,1909f56bfc062723c751e8b465ee728b)
Start importing Assets/Prefabs/rooster2.prefab using Guid(cd29a76f81582ec43af6e37be1f5738e) Importer(815301076,1909f56bfc062723c751e8b465ee728b)  -> (artifact id: '0c21d790a44fca71fb250fffef75b7ad') in 0.396412 seconds
  Import took 0.419971 seconds .

========================================================================
Received Prepare
Registering precompiled user dll's ...
Registered in 0.006070 seconds.
Begin MonoManager ReloadAssembly
Symbol file LoadedFromMemory doesn't match image C:\Users\Julaxe\Documents\dev\MiniGames\MiniGame-Chicken-Chase\Chicken-chase\Library\PackageCache\com.unity.visualscripting@1.6.1\Editor\VisualScripting.Core\Dependencies\YamlDotNet\Unity.VisualScripting.YamlDotNet.dll
Symbol file LoadedFromMemory doesn't match image C:\Users\Julaxe\Documents\dev\MiniGames\MiniGame-Chicken-Chase\Chicken-chase\Library\PackageCache\com.unity.visualscripting@1.6.1\Editor\VisualScripting.Core\Dependencies\DotNetZip\Unity.VisualScripting.IonicZip.dll
Native extension for WindowsStandalone target not found
Refreshing native plugins compatible for Editor in 1.04 ms, found 3 plugins.
Preloading 0 native plugins for Editor in 0.00 ms.
Mono: successfully reloaded assembly
- Completed reload, in  1.055 seconds
Platform modules already initialized, skipping
Switching build target platform(5) subTarget(0) extendedPlatform(0) -> platform(13) subTarget(537395200) extendedPlatform(0)
Refreshing native plugins compatible for Editor in 1.04 ms, found 3 plugins.
Preloading 0 native plugins for Editor in 0.00 ms.
Unloading 3515 Unused Serialized files (Serialized files now loaded: 0)
System memory in use before: 158.6 MB.
System memory in use after: 158.9 MB.

Unloading 36 unused Assets to reduce memory usage. Loaded Objects now: 3992.
Total: 3.135400 ms (FindLiveObjects: 0.394800 ms CreateObjectMapping: 0.085200 ms MarkObjects: 2.615100 ms  DeleteObjects: 0.038800 ms)

AssetImportParameters requested are different than current active one (requested -> active):
  custom:graphics/normal-map-encoding: 01000000000000000000000000000000 -> 02000000000000000000000000000000
========================================================================
Received Import Request.
  Time since last request: 358.323839 seconds.
  path: Assets/Prefabs/rooster2.prefab
  artifactKey: Guid(cd29a76f81582ec43af6e37be1f5738e) Importer(815301076,1909f56bfc062723c751e8b465ee728b)
Start importing Assets/Prefabs/rooster2.prefab using Guid(cd29a76f81582ec43af6e37be1f5738e) Importer(815301076,1909f56bfc062723c751e8b465ee728b)  -> (artifact id: '6b5369b7b42c05763aaebe867c91a638') in 0.263469 seconds
  Import took 0.280194 seconds .

========================================================================
Received Prepare
Registering precompiled user dll's ...
Registered in 0.006668 seconds.
Begin MonoManager ReloadAssembly
Symbol file LoadedFromMemory doesn't match image C:\Users\Julaxe\Documents\dev\MiniGames\MiniGame-Chicken-Chase\Chicken-chase\Library\PackageCache\com.unity.visualscripting@1.6.1\Editor\VisualScripting.Core\Dependencies\YamlDotNet\Unity.VisualScripting.YamlDotNet.dll
Symbol file LoadedFromMemory doesn't match image C:\Users\Julaxe\Documents\dev\MiniGames\MiniGame-Chicken-Chase\Chicken-chase\Library\PackageCache\com.unity.visualscripting@1.6.1\Editor\VisualScripting.Core\Dependencies\DotNetZip\Unity.VisualScripting.IonicZip.dll
Native extension for WindowsStandalone target not found
Refreshing native plugins compatible for Editor in 1.04 ms, found 3 plugins.
Preloading 0 native plugins for Editor in 0.00 ms.
Mono: successfully reloaded assembly
- Completed reload, in  1.107 seconds
Platform modules already initialized, skipping
Switching build target platform(5) subTarget(0) extendedPlatform(0) -> platform(13) subTarget(537395200) extendedPlatform(0)
Refreshing native plugins compatible for Editor in 1.14 ms, found 3 plugins.
Preloading 0 native plugins for Editor in 0.00 ms.
Unloading 3515 Unused Serialized files (Serialized files now loaded: 0)
System memory in use before: 158.6 MB.
System memory in use after: 158.8 MB.

Unloading 36 unused Assets to reduce memory usage. Loaded Objects now: 3996.
Total: 2.852100 ms (FindLiveObjects: 0.663100 ms CreateObjectMapping: 0.088400 ms MarkObjects: 2.072100 ms  DeleteObjects: 0.026600 ms)

AssetImportParameters requested are different than current active one (requested -> active):
  custom:graphics/normal-map-encoding: 01000000000000000000000000000000 -> 02000000000000000000000000000000
========================================================================
Received Prepare
Registering precompiled user dll's ...
Registered in 0.005452 seconds.
Begin MonoManager ReloadAssembly
Symbol file LoadedFromMemory doesn't match image C:\Users\Julaxe\Documents\dev\MiniGames\MiniGame-Chicken-Chase\Chicken-chase\Library\PackageCache\com.unity.visualscripting@1.6.1\Editor\VisualScripting.Core\Dependencies\YamlDotNet\Unity.VisualScripting.YamlDotNet.dll
Symbol file LoadedFromMemory doesn't match image C:\Users\Julaxe\Documents\dev\MiniGames\MiniGame-Chicken-Chase\Chicken-chase\Library\PackageCache\com.unity.visualscripting@1.6.1\Editor\VisualScripting.Core\Dependencies\DotNetZip\Unity.VisualScripting.IonicZip.dll
Native extension for WindowsStandalone target not found
Refreshing native plugins compatible for Editor in 1.06 ms, found 3 plugins.
Preloading 0 native plugins for Editor in 0.00 ms.
Mono: successfully reloaded assembly
- Completed reload, in  1.087 seconds
Platform modules already initialized, skipping
Switching build target platform(5) subTarget(0) extendedPlatform(0) -> platform(13) subTarget(537395200) extendedPlatform(0)
Refreshing native plugins compatible for Editor in 1.70 ms, found 3 plugins.
Preloading 0 native plugins for Editor in 0.00 ms.
Unloading 3515 Unused Serialized files (Serialized files now loaded: 0)
System memory in use before: 158.7 MB.
System memory in use after: 158.9 MB.

Unloading 35 unused Assets to reduce memory usage. Loaded Objects now: 3999.
Total: 3.038000 ms (FindLiveObjects: 0.496400 ms CreateObjectMapping: 0.088100 ms MarkObjects: 2.418600 ms  DeleteObjects: 0.032900 ms)

AssetImportParameters requested are different than current active one (requested -> active):
  custom:graphics/normal-map-encoding: 01000000000000000000000000000000 -> 02000000000000000000000000000000
